<?xml version="1.0" encoding="UTF-8"?>
<!-- Generated by org.testng.reporters.JUnitReportReporter -->
<testsuite skipped="0" hostname="Home-PC" name="qaclickacademy.MavenJava.AppiumTest" tests="2" failures="0" timestamp="23 Aug 2021 15:10:19 GMT" time="0.073" errors="0">
  <testcase name="NativeAppAndroid" time="0.004" classname="qaclickacademy.MavenJava.AppiumTest"/>
  <testcase name="IOSApps" time="0.069" classname="qaclickacademy.MavenJava.AppiumTest"/>
</testsuite> <!-- qaclickacademy.MavenJava.AppiumTest -->
