<?xml version="1.0" encoding="UTF-8"?>
<!-- Generated by org.testng.reporters.JUnitReportReporter -->
<testsuite skipped="0" hostname="Home-PC" name="qaclickacademy.MavenJava.SeleniumTest" tests="2" failures="0" timestamp="23 Aug 2021 15:10:19 GMT" time="0.008" errors="0">
  <testcase name="BrowserAutomation" time="0.004" classname="qaclickacademy.MavenJava.SeleniumTest"/>
  <testcase name="ElementsUI" time="0.004" classname="qaclickacademy.MavenJava.SeleniumTest"/>
</testsuite> <!-- qaclickacademy.MavenJava.SeleniumTest -->
