<?xml version="1.0" encoding="UTF-8"?>
<!-- Generated by org.testng.reporters.JUnitReportReporter -->
<testsuite skipped="0" hostname="Home-PC" name="qaclickacademy.MavenJava.RestAPITest" tests="2" failures="0" timestamp="23 Aug 2021 15:10:19 GMT" time="0.007" errors="0">
  <testcase name="PostJira" time="0.004" classname="qaclickacademy.MavenJava.RestAPITest"/>
  <testcase name="DeleteTwitter" time="0.003" classname="qaclickacademy.MavenJava.RestAPITest"/>
</testsuite> <!-- qaclickacademy.MavenJava.RestAPITest -->
