<?xml version="1.0" encoding="UTF-8"?>
<!-- Generated by org.testng.reporters.JUnitReportReporter -->
<testsuite skipped="0" hostname="Home-PC" name="qaclickacademy.MavenJava.SeleniumTest" tests="2" failures="0" timestamp="2021-08-31T11:27:05 CEST" time="0.002" errors="0">
  <testcase name="ElementsUI" time="0.001" classname="qaclickacademy.MavenJava.SeleniumTest"/>
  <testcase name="BrowserAutomation" time="0.001" classname="qaclickacademy.MavenJava.SeleniumTest"/>
</testsuite> <!-- qaclickacademy.MavenJava.SeleniumTest -->
