<?xml version="1.0" encoding="UTF-8"?>
<!-- Generated by org.testng.reporters.JUnitReportReporter -->
<testsuite skipped="0" hostname="Home-PC" name="qaclickacademy.MavenJava.AppiumTest" tests="2" failures="0" timestamp="2021-08-31T11:45:54 CEST" time="0.031" errors="0">
  <testcase name="IOSApps" time="0.031" classname="qaclickacademy.MavenJava.AppiumTest"/>
  <testcase name="NativeAppAndroid" time="0.000" classname="qaclickacademy.MavenJava.AppiumTest"/>
</testsuite> <!-- qaclickacademy.MavenJava.AppiumTest -->
